d:\rsq\operationsystem\debug\operationsystem.pch
d:\rsq\operationsystem\debug\vc142.pdb
d:\rsq\operationsystem\debug\vc142.idb
d:\rsq\operationsystem\debug\pch.obj
d:\rsq\operationsystem\debug\operationsystemdlg.obj
d:\rsq\operationsystem\debug\operationsystem.obj
d:\rsq\operationsystem\debug\operationsystem.ilk
d:\rsq\operationsystem\debug\operationsystem.exe
d:\rsq\operationsystem\debug\operationsystem.pdb
d:\rsq\operationsystem\debug\operationsystem.res
d:\rsq\code\operationsystem\operationsystem\debug\operationsystem.obj
d:\rsq\code\operationsystem\operationsystem\debug\operationsystemdlg.obj
d:\rsq\code\operationsystem\operationsystem\debug\pch.obj
d:\rsq\code\operationsystem\operationsystem\debug\operationsystem.ilk
d:\rsq\code\operationsystem\operationsystem\debug\operationsystem.res
d:\rsq\code\operationsystem\operationsystem\debug\operationsystem.pch
d:\rsq\code\operationsystem\operationsystem\debug\vc142.idb
d:\rsq\code\operationsystem\operationsystem\debug\operationsystem.pdb
d:\rsq\code\operationsystem\operationsystem\debug\vc142.pdb
d:\rsq\code\operationsystem\operationsystem\debug\operationsystem.exe
d:\rsq\code\operationsystem\operationsystem\debug\operationsystem.tlog\cl.command.1.tlog
d:\rsq\code\operationsystem\operationsystem\debug\operationsystem.tlog\cl.read.1.tlog
d:\rsq\code\operationsystem\operationsystem\debug\operationsystem.tlog\cl.write.1.tlog
d:\rsq\code\operationsystem\operationsystem\debug\operationsystem.tlog\link.command.1.tlog
d:\rsq\code\operationsystem\operationsystem\debug\operationsystem.tlog\link.read.1.tlog
d:\rsq\code\operationsystem\operationsystem\debug\operationsystem.tlog\link.write.1.tlog
d:\rsq\code\operationsystem\operationsystem\debug\operationsystem.tlog\rc.command.1.tlog
d:\rsq\code\operationsystem\operationsystem\debug\operationsystem.tlog\rc.read.1.tlog
d:\rsq\code\operationsystem\operationsystem\debug\operationsystem.tlog\rc.write.1.tlog
