d:\rsq\code\operationsystem\operationsystem\x64\debug\operationsystem.pch
d:\rsq\code\operationsystem\operationsystem\x64\debug\vc142.pdb
d:\rsq\code\operationsystem\operationsystem\x64\debug\vc142.idb
d:\rsq\code\operationsystem\operationsystem\x64\debug\pch.obj
d:\rsq\code\operationsystem\operationsystem\x64\debug\register.obj
d:\rsq\code\operationsystem\operationsystem\x64\debug\queue.obj
d:\rsq\code\operationsystem\operationsystem\x64\debug\process.obj
d:\rsq\code\operationsystem\operationsystem\x64\debug\pcb.obj
d:\rsq\code\operationsystem\operationsystem\x64\debug\operationsystemdlg.obj
d:\rsq\code\operationsystem\operationsystem\x64\debug\operationsystem.obj
d:\rsq\code\operationsystem\operationsystem\x64\debug\memorymanager.obj
d:\rsq\code\operationsystem\operationsystem\x64\debug\global.obj
d:\rsq\code\operationsystem\operationsystem\x64\debug\define.obj
d:\rsq\code\operationsystem\operationsystem\x64\debug\cpu.obj
d:\rsq\code\operationsystem\operationsystem\x64\debug\iodevice.obj
d:\rsq\code\operationsystem\operationsystem\x64\debug\operationsystem.exe
d:\rsq\code\operationsystem\operationsystem\x64\debug\operationsystem.ilk
d:\rsq\code\operationsystem\operationsystem\x64\debug\operationsystem.pdb
d:\rsq\code\operationsystem\operationsystem\x64\debug\operationsystem.res
d:\rsq\code\operationsystem\operationsystem\x64\debug\operationsystem.tlog\cl.command.1.tlog
d:\rsq\code\operationsystem\operationsystem\x64\debug\operationsystem.tlog\cl.read.1.tlog
d:\rsq\code\operationsystem\operationsystem\x64\debug\operationsystem.tlog\cl.write.1.tlog
d:\rsq\code\operationsystem\operationsystem\x64\debug\operationsystem.tlog\link.command.1.tlog
d:\rsq\code\operationsystem\operationsystem\x64\debug\operationsystem.tlog\link.read.1.tlog
d:\rsq\code\operationsystem\operationsystem\x64\debug\operationsystem.tlog\link.write.1.tlog
d:\rsq\code\operationsystem\operationsystem\x64\debug\operationsystem.tlog\rc.command.1.tlog
d:\rsq\code\operationsystem\operationsystem\x64\debug\operationsystem.tlog\rc.read.1.tlog
d:\rsq\code\operationsystem\operationsystem\x64\debug\operationsystem.tlog\rc.write.1.tlog
